<?xml version="1.0" encoding="UTF-8"?>
<!-- Generated by org.testng.reporters.JUnitReportReporter -->
<testsuite hostname="DESKTOP-FBCKG23" failures="0" tests="2" name="Test.HomeTest" time="33.430" errors="0" timestamp="13 May 2024 12:53:34 GMT" skipped="0">
  <testcase classname="Test.HomeTest" name="Verify_User_can_Search_Product" time="20.549"/>
  <testcase classname="Test.HomeTest" name="Verify_Add_to_Cart_Functionality" time="12.881"/>
</testsuite> <!-- Test.HomeTest -->
