<?xml version="1.0" encoding="UTF-8"?>
<!-- Generated by org.testng.reporters.JUnitReportReporter -->
<testsuite hostname="DESKTOP-FBCKG23" failures="0" tests="1" name="StepDefination.LoginTest" time="14.134" errors="0" timestamp="15 May 2024 16:32:59 GMT" skipped="0">
  <testcase classname="StepDefination.LoginTest" name="succussfully_open_login_page_url" time="14.134"/>
</testsuite> <!-- StepDefination.LoginTest -->
