<?xml version="1.0" encoding="UTF-8"?>
<!-- Generated by org.testng.reporters.JUnitReportReporter -->
<testsuite hostname="DESKTOP-FBCKG23" failures="0" tests="1" name="TestRunner.TestRunner$CucumberRunnerTests" time="0.134" errors="0" timestamp="15 May 2024 16:26:18 GMT" skipped="0">
  <testcase classname="TestRunner.TestRunner$CucumberRunnerTests" name="runScenario" time="0.134"/>
</testsuite> <!-- TestRunner.TestRunner$CucumberRunnerTests -->
